SonarQube plugins:
  - SonarPython 1.14.0.3086 (python)
  - SonarCSS 1.1.1.1010 (cssfamily)
  - GitHub Authentication for SonarQube 1.5.0.870 (authgithub)
  - JaCoCo 1.0.2.475 (jacoco)
  - SonarGo 1.1.1.2000 (go)
  - SonarKotlin 1.5.0.315 (kotlin)
  - Svn 1.9.0.1295 (scmsvn)
  - SonarJS 5.2.1.7778 (javascript)
  - SonarRuby 1.5.0.315 (ruby)
  - SonarScala 1.5.0.315 (sonarscala)
  - SonarC# 7.15.0.8572 (csharp)
  - SonarJava 5.13.1.18282 (java)
  - LDAP 2.2.0.608 (ldap)
  - SonarHTML 3.1.0.1615 (web)
  - Git 1.8.0.1574 (scmgit)
  - SonarFlex 2.5.1.1831 (flex)
  - SonarXML 2.0.1.2020 (xml)
  - SAML 2.0 Authentication for SonarQube 1.1.0.181 (authsaml)
  - SonarPHP 3.2.0.4868 (php)
  - SonarTS 1.9.0.3766 (typescript)
  - SonarVB 7.15.0.8572 (vbnet)
Global server settings:
  - sonar.core.id=32FADB56-AWvdZOYFJ8E7RkW0KgCK
  - sonar.core.startTime=2022-03-14T13:34:06+0000
  - sonar.forceAuthentication=true
Project server settings:
Project scanner properties:
  - sonar.coverage.jacoco.xmlReportPaths=C:/Users/Talel/git/JavaSonar/JavaSonar/src/test/java/test
  - sonar.host.url=http://10.241.4.96
  - sonar.java.binaries=C:/Users/Talel/git/JavaSonar/JavaSonar/target/classes
  - sonar.java.test.binaries=C:/Users/Talel/git/JavaSonar/JavaSonar/target/test-classes
  - sonar.language=java
  - sonar.login=******
  - sonar.projectBaseDir=C:\Users\Talel\git\JavaSonar\JavaSonar\src
  - sonar.projectKey=JavaSonar
  - sonar.scanner.app=ScannerCLI
  - sonar.scanner.appVersion=4.7.0.2747
  - sonar.sourceEncoding=windows-1252
  - sonar.verbose=true
  - sonar.working.directory=C:\Users\Talel\git\JavaSonar\JavaSonar\src\.scannerwork
